time;approach;version;n_envs;max_mean_reward;mean_reward;epoch;epochs;attempt;total_timesteps;filename
1702412295.2175994;PPO;env;4;2.6681751878635556;[2.62880626 2.66817519 2.61059485 2.62196865];1;1000;0;10000.0;./weights/PPO-env-4-CLN.sav
1702415446.5545883;PPO;env;4;2.6438048193007364;[2.61509481 2.64380482 2.62353975 2.62360149];2;1000;0;10000.0;./weights/PPO-env-4-CLN.sav
1702417304.3206148;PPO;env;4;2.6333656672832073;[2.61347947 2.63336567 2.62385459 2.61358882];3;1000;0;10000.0;./weights/PPO-env-4-CLN.sav
1702418459.922303;PPO;env;4;2.629124575185483;[2.61568781 2.62780638 2.62912458 2.62061936];4;1000;0;10000.0;./weights/PPO-env-4-CLN.sav
1702419232.0710576;PPO;env;4;2.6268537915372976;[2.61803762 2.62659728 2.62685379 2.61805989];5;1000;0;10000.0;./weights/PPO-env-4-CLN.sav
1702419769.7113643;PPO;env;4;2.627202579111161;[2.61925109 2.62713713 2.62720258 2.62021739];6;1000;0;10000.0;./weights/PPO-env-4-CLN.sav
1702420191.4578009;PPO;env;4;2.62929745455699;[2.6219288  2.62611562 2.62929745 2.6190491 ];7;1000;0;10000.0;./weights/PPO-env-4-CLN.sav
1702420544.9208553;PPO;env;4;2.6283150218733455;[2.62293498 2.62675102 2.62831502 2.61883734];8;1000;0;10000.0;./weights/PPO-env-4-CLN.sav
1702420864.9184349;PPO;env;4;2.628137500164083;[2.62350704 2.62349258 2.6281375  2.62044963];9;1000;0;10000.0;./weights/PPO-env-4-CLN.sav
1702421160.188291;PPO;env;4;2.627665673280979;[2.62463796 2.62349778 2.62766567 2.62016199];10;1000;0;10000.0;./weights/PPO-env-4-CLN.sav
1702421442.5454268;PPO;env;4;2.6270430087876395;[2.62215993 2.62491375 2.62704301 2.62185936];11;1000;0;10000.0;./weights/PPO-env-4-CLN.sav
1702421721.02445;PPO;env;4;2.6283398651475403;[2.6209377  2.62569204 2.62833987 2.62137506];12;1000;0;10000.0;./weights/PPO-env-4-CLN.sav
1702421995.6547697;PPO;env;4;2.627607215066281;[2.61991661 2.62625055 2.62760722 2.6215796 ];13;1000;0;10000.0;./weights/PPO-env-4-CLN.sav
1702422269.3746657;PPO;env;4;2.628360953789005;[2.62129664 2.6262611  2.62836095 2.62163996];14;1000;0;10000.0;./weights/PPO-env-4-CLN.sav
1702422541.8067374;PPO;env;4;2.6284757294623464;[2.62120071 2.62656002 2.62847573 2.62011227];15;1000;0;10000.0;./weights/PPO-env-4-CLN.sav
1702422806.4972792;PPO;env;4;2.6278599375866576;[2.62235453 2.62554196 2.62785994 2.62146081];16;1000;0;10000.0;./weights/PPO-env-4-CLN.sav
1702423076.2906506;PPO;env;4;2.6265584937707493;[2.62222772 2.62507368 2.62655849 2.62465958];17;1000;0;10000.0;./weights/PPO-env-4-CLN.sav
1702423345.3503535;PPO;env;4;2.6266705510880097;[2.62207626 2.62650988 2.62667055 2.6240453 ];18;1000;0;10000.0;./weights/PPO-env-4-CLN.sav
1702423616.6790538;PPO;env;4;2.6274369322813556;[2.62181598 2.62428872 2.62743693 2.62469031];19;1000;0;10000.0;./weights/PPO-env-4-CLN.sav
1702423896.217804;PPO;env;4;2.6269322916840077;[2.62083793 2.62427029 2.62693229 2.6241437 ];20;1000;0;10000.0;./weights/PPO-env-4-CLN.sav
1702424168.195311;PPO;env;4;2.6278707882054246;[2.61965393 2.62381192 2.62787079 2.62487475];21;1000;0;10000.0;./weights/PPO-env-4-CLN.sav
1702424443.8453047;PPO;env;4;2.629124600704082;[2.62032662 2.62476694 2.6291246  2.62499613];22;1000;0;10000.0;./weights/PPO-env-4-CLN.sav
1702424716.945148;PPO;env;4;2.6290107467348904;[2.62105799 2.62457892 2.62901075 2.62468964];23;1000;0;10000.0;./weights/PPO-env-4-CLN.sav
1702424986.8088317;PPO;env;4;2.629380981337001;[2.62135624 2.62383403 2.62938098 2.62521994];24;1000;0;10000.0;./weights/PPO-env-4-CLN.sav
1702425259.2137535;PPO;env;4;2.629036927016419;[2.62155599 2.62465482 2.62903693 2.62464544];25;1000;0;10000.0;./weights/PPO-env-4-CLN.sav
1702425528.7384865;PPO;env;4;2.6293074646271504;[2.62184036 2.62453844 2.62930746 2.62438136];26;1000;0;10000.0;./weights/PPO-env-4-CLN.sav
1702425801.644467;PPO;env;4;2.628301039494495;[2.62193134 2.62453423 2.62830104 2.62465814];27;1000;0;10000.0;./weights/PPO-env-4-CLN.sav
1702426075.4382763;PPO;env;4;2.6291361831366946;[2.6217486  2.62452724 2.62913618 2.62593593];28;1000;0;10000.0;./weights/PPO-env-4-CLN.sav
1702426349.3761334;PPO;env;4;2.630351493825823;[2.62162465 2.62343849 2.63035149 2.6249929 ];29;1000;0;10000.0;./weights/PPO-env-4-CLN.sav
1702426623.2880442;PPO;env;4;2.6296626884658005;[2.62202401 2.62408486 2.62966269 2.62480135];30;1000;0;10000.0;./weights/PPO-env-4-CLN.sav
1702426898.0614643;PPO;env;4;2.630891723872575;[2.62162182 2.62432765 2.63089172 2.62502423];31;1000;0;10000.0;./weights/PPO-env-4-CLN.sav
1702427173.8093727;PPO;env;4;2.6312447981106675;[2.62230597 2.62462775 2.6312448  2.6248899 ];32;1000;0;10000.0;./weights/PPO-env-4-CLN.sav
1702427448.0561116;PPO;env;4;2.6305574763110644;[2.62216252 2.62313683 2.63055748 2.62560549];33;1000;0;10000.0;./weights/PPO-env-4-CLN.sav
1702427721.7187157;PPO;env;4;2.630843324760482;[2.62194963 2.62311571 2.63084332 2.62657845];34;1000;0;10000.0;./weights/PPO-env-4-CLN.sav
1702427996.6484215;PPO;env;4;2.6317903298270364;[2.6223752  2.62276504 2.63179033 2.62745093];35;1000;0;10000.0;./weights/PPO-env-4-CLN.sav
1702428272.0235791;PPO;env;4;2.6321712788214464;[2.62200914 2.62297641 2.63217128 2.62733423];36;1000;0;10000.0;./weights/PPO-env-4-CLN.sav
1702428548.649887;PPO;env;4;2.633212508805086;[2.62233153 2.62262728 2.63321251 2.62648789];37;1000;0;10000.0;./weights/PPO-env-4-CLN.sav
1702428826.2509968;PPO;env;4;2.633488534783923;[2.62231701 2.62256729 2.63348853 2.62648964];38;1000;0;10000.0;./weights/PPO-env-4-CLN.sav
1702429102.3068564;PPO;env;4;2.633701088183208;[2.62248855 2.62263054 2.63370109 2.62596665];39;1000;0;10000.0;./weights/PPO-env-4-CLN.sav
1702429380.0150526;PPO;env;4;2.634374950114905;[2.62318843 2.62309807 2.63437495 2.62612718];40;1000;0;10000.0;./weights/PPO-env-4-CLN.sav
1702429657.624369;PPO;env;4;2.633510308763906;[2.62333606 2.62327404 2.63351031 2.62571088];41;1000;0;10000.0;./weights/PPO-env-4-CLN.sav
1702429936.223223;PPO;env;4;2.6328458866388487;[2.62336864 2.62343394 2.63284589 2.62636324];42;1000;0;10000.0;./weights/PPO-env-4-CLN.sav
1702430213.6812973;PPO;env;4;2.6328353353172327;[2.62380572 2.62308454 2.63283534 2.62606277];43;1000;0;10000.0;./weights/PPO-env-4-CLN.sav
1702430493.6718938;PPO;env;4;2.632794621352956;[2.62434069 2.62291802 2.63279462 2.62534045];44;1000;0;10000.0;./weights/PPO-env-4-CLN.sav
1702430773.2246137;PPO;env;4;2.6325368174982273;[2.62391853 2.62281156 2.63253682 2.62583093];45;1000;0;10000.0;./weights/PPO-env-4-CLN.sav
1702431054.8045256;PPO;env;4;2.6324385808660096;[2.62376862 2.6228811  2.63243858 2.62590266];46;1000;0;10000.0;./weights/PPO-env-4-CLN.sav
1702431335.9898958;PPO;env;4;2.6326404353430695;[2.62359118 2.62262781 2.63264044 2.62581893];47;1000;0;10000.0;./weights/PPO-env-4-CLN.sav
1702431617.2946975;PPO;env;4;2.6326696136011525;[2.62353961 2.62270573 2.63266961 2.62546291];48;1000;0;10000.0;./weights/PPO-env-4-CLN.sav
1702431898.7586274;PPO;env;4;2.6326957422054083;[2.62289508 2.62334263 2.63269574 2.62544635];49;1000;0;10000.0;./weights/PPO-env-4-CLN.sav
1702432179.585367;PPO;env;4;2.6325650668685414;[2.62276404 2.62311256 2.63256507 2.62523228];50;1000;0;10000.0;./weights/PPO-env-4-CLN.sav
1702432460.5244308;PPO;env;4;2.6323751117295195;[2.62243619 2.62334978 2.63237511 2.62551115];51;1000;0;10000.0;./weights/PPO-env-4-CLN.sav
1702432741.8081355;PPO;env;4;2.6322125289046197;[2.62225032 2.62380098 2.63221253 2.62546848];52;1000;0;10000.0;./weights/PPO-env-4-CLN.sav
1702433024.2808373;PPO;env;4;2.632083477142107;[2.62316114 2.62426937 2.63208348 2.62547937];53;1000;0;10000.0;./weights/PPO-env-4-CLN.sav
1702433306.7491646;PPO;env;4;2.631709129099131;[2.62364085 2.62429341 2.63170913 2.62533753];54;1000;0;10000.0;./weights/PPO-env-4-CLN.sav
1702433587.9757106;PPO;env;4;2.631361084244815;[2.62443831 2.62491568 2.63136108 2.62543738];55;1000;0;10000.0;./weights/PPO-env-4-CLN.sav
1702433871.5346463;PPO;env;4;2.6313340217588412;[2.62503673 2.62481736 2.63133402 2.62577249];56;1000;0;10000.0;./weights/PPO-env-4-CLN.sav
1702434152.8391955;PPO;env;4;2.631620199121357;[2.62469024 2.62485296 2.6316202  2.62617839];57;1000;0;10000.0;./weights/PPO-env-4-CLN.sav
1702434439.5665445;PPO;env;4;2.631539931945233;[2.62473551 2.62465471 2.63153993 2.62633939];58;1000;0;10000.0;./weights/PPO-env-4-CLN.sav
1702434724.4727168;PPO;env;4;2.631703130787877;[2.6247586  2.62450328 2.63170313 2.62626147];59;1000;0;10000.0;./weights/PPO-env-4-CLN.sav
1702435010.781093;PPO;env;4;2.63166403688774;[2.62514963 2.62452089 2.63166404 2.62621626];60;1000;0;10000.0;./weights/PPO-env-4-CLN.sav
1702435302.08113;PPO;env;4;2.631753078273513;[2.62517515 2.62483018 2.63175308 2.62623313];61;1000;0;10000.0;./weights/PPO-env-4-CLN.sav
1702435588.0501306;PPO;env;4;2.631481111213537;[2.62523279 2.62439716 2.63148111 2.62619944];62;1000;0;10000.0;./weights/PPO-env-4-CLN.sav
1702435871.5702546;PPO;env;4;2.6311610607303253;[2.62517574 2.62441545 2.63116106 2.62634611];63;1000;0;10000.0;./weights/PPO-env-4-CLN.sav
1702436158.801417;PPO;env;4;2.6310353780681766;[2.62465167 2.62451926 2.63103538 2.62669719];64;1000;0;10000.0;./weights/PPO-env-4-CLN.sav
1702436443.2632515;PPO;env;4;2.630771354201093;[2.62485845 2.6248131  2.63077135 2.62674518];65;1000;0;10000.0;./weights/PPO-env-4-CLN.sav
1702436731.2898455;PPO;env;4;2.6309872139788446;[2.62539352 2.62481388 2.63098721 2.62656854];66;1000;0;10000.0;./weights/PPO-env-4-CLN.sav
1702437017.7414966;PPO;env;4;2.631195998324647;[2.62536324 2.62486679 2.631196   2.62649023];67;1000;0;10000.0;./weights/PPO-env-4-CLN.sav
1702437308.5018113;PPO;env;4;2.6310463045154635;[2.62559854 2.62478128 2.6310463  2.62633405];68;1000;0;10000.0;./weights/PPO-env-4-CLN.sav
1702437591.900063;PPO;env;4;2.631174777688418;[2.62575393 2.62501126 2.63117478 2.62616292];69;1000;0;10000.0;./weights/PPO-env-4-CLN.sav
1702437874.8587406;PPO;env;4;2.631533998882633;[2.62576488 2.62494625 2.631534   2.62620835];70;1000;0;10000.0;./weights/PPO-env-4-CLN.sav
1702438161.3953257;PPO;env;4;2.6320042665470367;[2.62590938 2.6249009  2.63200427 2.62676132];71;1000;0;10000.0;./weights/PPO-env-4-CLN.sav
1702438455.4380322;PPO;env;4;2.6320601550689586;[2.62610974 2.6250724  2.63206016 2.62635777];72;1000;0;10000.0;./weights/PPO-env-4-CLN.sav
1702438744.5071929;PPO;env;4;2.632153405593614;[2.6260695  2.62527838 2.63215341 2.62638741];73;1000;0;10000.0;./weights/PPO-env-4-CLN.sav
1702439031.299361;PPO;env;4;2.6319203009182948;[2.62612345 2.6252813  2.6319203  2.62623393];74;1000;0;10000.0;./weights/PPO-env-4-CLN.sav
1702439319.7256062;PPO;env;4;2.631590016447655;[2.62579559 2.62525191 2.63159002 2.62648884];75;1000;0;10000.0;./weights/PPO-env-4-CLN.sav
1702439609.134794;PPO;env;4;2.6314525356437652;[2.62578873 2.62534177 2.63145254 2.62633924];76;1000;0;10000.0;./weights/PPO-env-4-CLN.sav
1702439900.0595307;PPO;env;4;2.631433822306506;[2.62584503 2.62553754 2.63143382 2.62613332];77;1000;0;10000.0;./weights/PPO-env-4-CLN.sav
1702440190.2617807;PPO;env;4;2.631601045846826;[2.62573498 2.62560054 2.63160105 2.62625972];78;1000;0;10000.0;./weights/PPO-env-4-CLN.sav
1702440480.368565;PPO;env;4;2.6315545189301823;[2.62538493 2.6259385  2.63155452 2.62630079];79;1000;0;10000.0;./weights/PPO-env-4-CLN.sav
1702440769.83523;PPO;env;4;2.631391576810963;[2.62574393 2.6260159  2.63139158 2.62632415];80;1000;0;10000.0;./weights/PPO-env-4-CLN.sav
1702441061.6389287;PPO;env;4;2.6311144611606325;[2.62586261 2.62557152 2.63111446 2.62640984];81;1000;0;10000.0;./weights/PPO-env-4-CLN.sav
1702441350.6488135;PPO;env;4;2.630979400247681;[2.62589017 2.62561245 2.6309794  2.62622718];82;1000;0;10000.0;./weights/PPO-env-4-CLN.sav
1702441640.9842865;PPO;env;4;2.6308382673688016;[2.6263253  2.62537633 2.63083827 2.62639777];83;1000;0;10000.0;./weights/PPO-env-4-CLN.sav
1702441932.2819643;PPO;env;4;2.6306826211864434;[2.62667468 2.62545124 2.63068262 2.62630004];84;1000;0;10000.0;./weights/PPO-env-4-CLN.sav
1702442222.227572;PPO;env;4;2.630999268262025;[2.62662838 2.62561721 2.63099927 2.62621554];85;1000;0;10000.0;./weights/PPO-env-4-CLN.sav
1702442512.2848516;PPO;env;4;2.6311511421107348;[2.6267559  2.62551739 2.63115114 2.62632038];86;1000;0;10000.0;./weights/PPO-env-4-CLN.sav
1702442809.4811246;PPO;env;4;2.631181476759359;[2.62673617 2.62553425 2.63118148 2.62672254];87;1000;0;10000.0;./weights/PPO-env-4-CLN.sav
1702443110.3907604;PPO;env;4;2.631183273982112;[2.62672392 2.62594593 2.63118327 2.62681529];88;1000;0;10000.0;./weights/PPO-env-4-CLN.sav
1702443402.4688382;PPO;env;4;2.631449448671335;[2.62659816 2.62614139 2.63144945 2.62679888];89;1000;0;10000.0;./weights/PPO-env-4-CLN.sav
1702443693.8451638;PPO;env;4;2.631576650971689;[2.62669421 2.62608086 2.63157665 2.62676815];90;1000;0;10000.0;./weights/PPO-env-4-CLN.sav
1702443989.9740765;PPO;env;4;2.631569606072478;[2.62670329 2.62606274 2.63156961 2.62702482];91;1000;0;10000.0;./weights/PPO-env-4-CLN.sav
1702444284.6138577;PPO;env;4;2.6315863300415736;[2.62630109 2.62611506 2.63158633 2.62690942];92;1000;0;10000.0;./weights/PPO-env-4-CLN.sav
1702444580.5291529;PPO;env;4;2.6311520417965837;[2.62634698 2.62584371 2.63115204 2.62699394];93;1000;0;10000.0;./weights/PPO-env-4-CLN.sav
1702444875.6388288;PPO;env;4;2.6310649275561215;[2.62659192 2.62591714 2.63106493 2.62685832];94;1000;0;10000.0;./weights/PPO-env-4-CLN.sav
1702445171.1136932;PPO;env;4;2.631319103028032;[2.62656992 2.62593409 2.6313191  2.62680369];95;1000;0;10000.0;./weights/PPO-env-4-CLN.sav
1702445466.761999;PPO;env;4;2.6311481470038856;[2.62670408 2.62598897 2.63114815 2.62706393];96;1000;0;10000.0;./weights/PPO-env-4-CLN.sav
1702445764.245558;PPO;env;4;2.6310789096155847;[2.62666852 2.62615793 2.63107891 2.62718705];97;1000;0;10000.0;./weights/PPO-env-4-CLN.sav
1702446060.3325994;PPO;env;4;2.6311533331123718;[2.62631053 2.62608212 2.63115333 2.62711027];98;1000;0;10000.0;./weights/PPO-env-4-CLN.sav
1702446357.2677827;PPO;env;4;2.6312299563857273;[2.62631613 2.62604641 2.63122996 2.6269545 ];99;1000;0;10000.0;./weights/PPO-env-4-CLN.sav
1702446651.6620598;PPO;env;4;2.631136128166188;[2.62622806 2.62627616 2.63113613 2.62697908];100;1000;0;10000.0;./weights/PPO-env-4-CLN.sav
1702446949.1236322;PPO;env;4;2.63110363956905;[2.62645083 2.62613915 2.63110364 2.62677398];101;1000;0;10000.0;./weights/PPO-env-4-CLN.sav
1702447250.74015;PPO;env;4;2.631161397401242;[2.62610597 2.62569752 2.6311614  2.62688464];102;1000;0;10000.0;./weights/PPO-env-4-CLN.sav
1702447546.4153037;PPO;env;4;2.631462250216434;[2.62600676 2.62573559 2.63146225 2.62714842];103;1000;0;10000.0;./weights/PPO-env-4-CLN.sav
1702447839.730158;PPO;env;4;2.631427288041927;[2.62591528 2.62588876 2.63142729 2.62695116];104;1000;0;10000.0;./weights/PPO-env-4-CLN.sav
1702448132.9178102;PPO;env;4;2.631436982846286;[2.62610915 2.62584944 2.63143698 2.62703409];105;1000;0;10000.0;./weights/PPO-env-4-CLN.sav
1702448430.9046712;PPO;env;4;2.631316304922679;[2.62605919 2.62595946 2.6313163  2.62689135];106;1000;0;10000.0;./weights/PPO-env-4-CLN.sav
1702448729.0416183;PPO;env;4;2.6312264178649722;[2.62600807 2.62621794 2.63122642 2.62664469];107;1000;0;10000.0;./weights/PPO-env-4-CLN.sav
1702449029.1068869;PPO;env;4;2.6311550855664474;[2.62583022 2.62625125 2.63115509 2.62654246];108;1000;0;10000.0;./weights/PPO-env-4-CLN.sav
1702449324.6265113;PPO;env;4;2.63080602366147;[2.62591576 2.62621249 2.63080602 2.62658323];109;1000;0;10000.0;./weights/PPO-env-4-CLN.sav
1702449622.2774959;PPO;env;4;2.6306691289339215;[2.62548211 2.62614745 2.63066913 2.6265434 ];110;1000;0;10000.0;./weights/PPO-env-4-CLN.sav
1702449921.356594;PPO;env;4;2.6306206524886506;[2.6253188  2.62614349 2.63062065 2.62676014];111;1000;0;10000.0;./weights/PPO-env-4-CLN.sav
1702450219.1567369;PPO;env;4;2.630484225624469;[2.62540551 2.62600213 2.63048423 2.62664977];112;1000;0;10000.0;./weights/PPO-env-4-CLN.sav
1702450515.1720743;PPO;env;4;2.6305681592891634;[2.62525527 2.6262857  2.63056816 2.62657097];113;1000;0;10000.0;./weights/PPO-env-4-CLN.sav
1702450817.6442218;PPO;env;4;2.6303994234355876;[2.62519381 2.6265454  2.63039942 2.62648053];114;1000;0;10000.0;./weights/PPO-env-4-CLN.sav
1702451122.095859;PPO;env;4;2.630300033677084;[2.62509044 2.62641166 2.63030003 2.62664174];115;1000;0;10000.0;./weights/PPO-env-4-CLN.sav
1702451423.6028507;PPO;env;4;2.630163493727224;[2.62516532 2.62613233 2.63016349 2.62661735];116;1000;0;10000.0;./weights/PPO-env-4-CLN.sav
1702451721.574825;PPO;env;4;2.6299685267035207;[2.62521871 2.62621744 2.62996853 2.6268321 ];117;1000;0;10000.0;./weights/PPO-env-4-CLN.sav
1702452024.7911131;PPO;env;4;2.629973905921172;[2.62532741 2.62629576 2.62997391 2.62683211];118;1000;0;10000.0;./weights/PPO-env-4-CLN.sav
1702452329.7161372;PPO;env;4;2.63006104522389;[2.62529059 2.62638277 2.63006105 2.62655584];119;1000;0;10000.0;./weights/PPO-env-4-CLN.sav
1702452635.278008;PPO;env;4;2.630188500575265;[2.62517301 2.62612596 2.6301885  2.62652521];120;1000;0;10000.0;./weights/PPO-env-4-CLN.sav
1702452934.8726678;PPO;env;4;2.63003582411853;[2.62520513 2.62620032 2.63003582 2.62644182];121;1000;0;10000.0;./weights/PPO-env-4-CLN.sav
1702453234.9877877;PPO;env;4;2.6300525421656626;[2.6253171  2.62632561 2.63005254 2.62635407];122;1000;0;10000.0;./weights/PPO-env-4-CLN.sav
1702453535.3149965;PPO;env;4;2.630056608595985;[2.62525819 2.62628418 2.63005661 2.6263288 ];123;1000;0;10000.0;./weights/PPO-env-4-CLN.sav
1702453840.3304005;PPO;env;4;2.630072745210552;[2.62538936 2.62636262 2.63007275 2.62670041];124;1000;0;10000.0;./weights/PPO-env-4-CLN.sav
1702454139.4816818;PPO;env;4;2.630084777695385;[2.62532889 2.6263716  2.63008478 2.6267298 ];125;1000;0;10000.0;./weights/PPO-env-4-CLN.sav
1702454444.7790563;PPO;env;4;2.629854875826151;[2.62552215 2.62630642 2.62985488 2.62683257];126;1000;0;10000.0;./weights/PPO-env-4-CLN.sav
1702454747.8554995;PPO;env;4;2.6298465912280498;[2.62555398 2.62613547 2.62984659 2.62661772];127;1000;0;10000.0;./weights/PPO-env-4-CLN.sav
1702455049.8550813;PPO;env;4;2.6298113234787293;[2.62555776 2.62607453 2.62981132 2.62669822];128;1000;0;10000.0;./weights/PPO-env-4-CLN.sav
1702455354.7949283;PPO;env;4;2.629877690567763;[2.62587042 2.62618979 2.62987769 2.62697407];129;1000;0;10000.0;./weights/PPO-env-4-CLN.sav
1702455658.4658563;PPO;env;4;2.6298757207045758;[2.62573192 2.62624232 2.62987572 2.62684215];130;1000;0;10000.0;./weights/PPO-env-4-CLN.sav
1702455963.7436097;PPO;env;4;2.6299353995509027;[2.62570371 2.6262834  2.6299354  2.62704079];131;1000;0;10000.0;./weights/PPO-env-4-CLN.sav
1702456270.0930343;PPO;env;4;2.6296477499619124;[2.62572248 2.626214   2.62964775 2.62714686];132;1000;0;10000.0;./weights/PPO-env-4-CLN.sav
1702456571.4633949;PPO;env;4;2.629520665898087;[2.62588868 2.62640084 2.62952067 2.62734306];133;1000;0;10000.0;./weights/PPO-env-4-CLN.sav
1702456877.3618646;PPO;env;4;2.6293973866018647;[2.62596366 2.62642781 2.62939739 2.62728995];134;1000;0;10000.0;./weights/PPO-env-4-CLN.sav
1702457184.8579931;PPO;env;4;2.6294511749601113;[2.62596681 2.62635849 2.62945117 2.62728375];135;1000;0;10000.0;./weights/PPO-env-4-CLN.sav
1702457491.9202833;PPO;env;4;2.6293040459290786;[2.62590679 2.62640407 2.62930405 2.62706664];136;1000;0;10000.0;./weights/PPO-env-4-CLN.sav
1702457795.1979415;PPO;env;4;2.6294561463065467;[2.62590665 2.62649329 2.62945615 2.62712518];137;1000;0;10000.0;./weights/PPO-env-4-CLN.sav
1702458102.5840359;PPO;env;4;2.6296118536949273;[2.62593487 2.62654393 2.62961185 2.62695669];138;1000;0;10000.0;./weights/PPO-env-4-CLN.sav
1702458407.8283226;PPO;env;4;2.62961657231142;[2.62588165 2.62665784 2.62961657 2.62697086];139;1000;0;10000.0;./weights/PPO-env-4-CLN.sav
1702458712.6195934;PPO;env;4;2.629643685810593;[2.62590742 2.62658672 2.62964369 2.62709533];140;1000;0;10000.0;./weights/PPO-env-4-CLN.sav
1702459023.0090454;PPO;env;4;2.6297235272960964;[2.62598294 2.626702   2.62972353 2.62700402];141;1000;0;10000.0;./weights/PPO-env-4-CLN.sav
1702459332.4701731;PPO;env;4;2.6295855307667084;[2.62583432 2.62673905 2.62958553 2.62701451];142;1000;0;10000.0;./weights/PPO-env-4-CLN.sav
1702459639.0909305;PPO;env;4;2.629595725865925;[2.62579808 2.62691852 2.62959573 2.6270025 ];143;1000;0;10000.0;./weights/PPO-env-4-CLN.sav
1702459944.845901;PPO;env;4;2.629556758795497;[2.62589493 2.62701693 2.62955676 2.62704764];144;1000;0;10000.0;./weights/PPO-env-4-CLN.sav
1702460253.452512;PPO;env;4;2.629329931316302;[2.62596554 2.6270203  2.62932993 2.62726208];145;1000;0;10000.0;./weights/PPO-env-4-CLN.sav
1702460558.32457;PPO;env;4;2.6294279591823537;[2.6261286  2.62710059 2.62942796 2.6274978 ];146;1000;0;10000.0;./weights/PPO-env-4-CLN.sav
1702460869.6557105;PPO;env;4;2.629341262340296;[2.62609083 2.62712726 2.62934126 2.62745737];147;1000;0;10000.0;./weights/PPO-env-4-CLN.sav
1702461181.7184653;PPO;env;4;2.629248206273816;[2.62621068 2.62715062 2.62924821 2.62730376];148;1000;0;10000.0;./weights/PPO-env-4-CLN.sav
1702461491.5318587;PPO;env;4;2.6292815708271706;[2.62639565 2.62716596 2.62928157 2.62738439];149;1000;0;10000.0;./weights/PPO-env-4-CLN.sav
1702461803.0937662;PPO;env;4;2.6291869972718134;[2.62651883 2.62716975 2.629187   2.62720874];150;1000;0;10000.0;./weights/PPO-env-4-CLN.sav
1702462115.4590492;PPO;env;4;2.6292628146917094;[2.62644339 2.62724065 2.62926281 2.62723958];151;1000;0;10000.0;./weights/PPO-env-4-CLN.sav
1702462429.359644;PPO;env;4;2.629130253656064;[2.62663502 2.62731947 2.62913025 2.62724865];152;1000;0;10000.0;./weights/PPO-env-4-CLN.sav
1702462749.1104293;PPO;env;4;2.6290325447280845;[2.62653537 2.62712114 2.62903254 2.62710486];153;1000;0;10000.0;./weights/PPO-env-4-CLN.sav
1702463078.0642166;PPO;env;4;2.6289458978976956;[2.62646759 2.62693136 2.6289459  2.62721504];154;1000;0;10000.0;./weights/PPO-env-4-CLN.sav
1702463409.5342686;PPO;env;4;2.6290146296895993;[2.62655271 2.62695361 2.62901463 2.6271673 ];155;1000;0;10000.0;./weights/PPO-env-4-CLN.sav
1702463743.6789963;PPO;env;4;2.6289040450060694;[2.62634258 2.62701497 2.62890405 2.62717751];156;1000;0;10000.0;./weights/PPO-env-4-CLN.sav
1702464072.296851;PPO;env;4;2.6289094456095325;[2.62625668 2.6270442  2.62890945 2.62705792];157;1000;0;10000.0;./weights/PPO-env-4-CLN.sav
1702464406.3854005;PPO;env;4;2.6290032219185973;[2.62617143 2.62701853 2.62900322 2.62693566];158;1000;0;10000.0;./weights/PPO-env-4-CLN.sav
1702464738.817693;PPO;env;4;2.62887163276942;[2.62634726 2.62707675 2.62887163 2.62694592];159;1000;0;10000.0;./weights/PPO-env-4-CLN.sav
1702465072.4696167;PPO;env;4;2.628817689068629;[2.62640544 2.62722576 2.62881769 2.62697597];160;1000;0;10000.0;./weights/PPO-env-4-CLN.sav
1702465399.6717746;PPO;env;4;2.6287167044247197;[2.62653366 2.62711119 2.6287167  2.62702183];161;1000;0;10000.0;./weights/PPO-env-4-CLN.sav
1702465732.549366;PPO;env;4;2.6288597168365944;[2.62664165 2.62712122 2.62885972 2.62681378];162;1000;0;10000.0;./weights/PPO-env-4-CLN.sav
1702466068.6907806;PPO;env;4;2.62873313144243;[2.62655441 2.62710035 2.62873313 2.62708617];163;1000;0;10000.0;./weights/PPO-env-4-CLN.sav
1702466403.866673;PPO;env;4;2.6287685583304206;[2.62664746 2.62718119 2.62876856 2.62707648];164;1000;0;10000.0;./weights/PPO-env-4-CLN.sav
1702466742.9286242;PPO;env;4;2.6287227848636276;[2.62663016 2.62710139 2.62872278 2.6270592 ];165;1000;0;10000.0;./weights/PPO-env-4-CLN.sav
1702467081.0490918;PPO;env;4;2.628640944565359;[2.62663931 2.62698672 2.62864094 2.62709719];166;1000;0;10000.0;./weights/PPO-env-4-CLN.sav
1702467420.6246517;PPO;env;4;2.6287583271729207;[2.62679542 2.62692548 2.62875833 2.62705266];167;1000;0;10000.0;./weights/PPO-env-4-CLN.sav
1702467757.7846184;PPO;env;4;2.628737770213764;[2.62672652 2.62690507 2.62873777 2.62709036];168;1000;0;10000.0;./weights/PPO-env-4-CLN.sav
1702468100.8529432;PPO;env;4;2.6287167462990317;[2.62653441 2.62687601 2.62871675 2.62719608];169;1000;0;10000.0;./weights/PPO-env-4-CLN.sav
1702468438.8198373;PPO;env;4;2.6287439678510713;[2.62652186 2.6269737  2.62874397 2.62714628];170;1000;0;10000.0;./weights/PPO-env-4-CLN.sav
1702468781.5801587;PPO;env;4;2.628651775744989;[2.62662072 2.6271161  2.62865178 2.62730044];171;1000;0;10000.0;./weights/PPO-env-4-CLN.sav
1702469119.4208636;PPO;env;4;2.6287143236547905;[2.62657623 2.62710363 2.62871432 2.62721979];172;1000;0;10000.0;./weights/PPO-env-4-CLN.sav
1702469456.8005488;PPO;env;4;2.628767144921533;[2.62663391 2.62710216 2.62876714 2.62729691];173;1000;0;10000.0;./weights/PPO-env-4-CLN.sav
1702469797.1431634;PPO;env;4;2.62874503434122;[2.62673769 2.62698746 2.62874503 2.62756468];174;1000;0;10000.0;./weights/PPO-env-4-CLN.sav
1702470135.3116486;PPO;env;4;2.6286897388825183;[2.62652857 2.6271004  2.62868974 2.62746673];175;1000;0;10000.0;./weights/PPO-env-4-CLN.sav
1702470473.942194;PPO;env;4;2.6284689989143604;[2.62652824 2.62706154 2.628469   2.62739337];176;1000;0;10000.0;./weights/PPO-env-4-CLN.sav
1702470813.3230112;PPO;env;4;2.6284369905555116;[2.62662291 2.627076   2.62843699 2.62742688];177;1000;0;10000.0;./weights/PPO-env-4-CLN.sav
1702471153.284252;PPO;env;4;2.6284284825531223;[2.62669799 2.62721941 2.62842848 2.62742268];178;1000;0;10000.0;./weights/PPO-env-4-CLN.sav
1702471495.9288647;PPO;env;4;2.628557804476195;[2.62668666 2.62735141 2.6285578  2.62750981];179;1000;0;10000.0;./weights/PPO-env-4-CLN.sav
1702471838.635897;PPO;env;4;2.6286097534490076;[2.62651157 2.62746098 2.62860975 2.62760494];180;1000;0;10000.0;./weights/PPO-env-4-CLN.sav
1702472175.0928438;PPO;env;4;2.628638123027473;[2.62645682 2.62743168 2.62863812 2.62763833];181;1000;0;10000.0;./weights/PPO-env-4-CLN.sav
1702472511.017166;PPO;env;4;2.628686099528578;[2.62652082 2.62744004 2.6286861  2.62758227];182;1000;0;10000.0;./weights/PPO-env-4-CLN.sav
1702472847.7578845;PPO;env;4;2.6287840526092383;[2.62651022 2.62737569 2.62878405 2.62757572];183;1000;0;10000.0;./weights/PPO-env-4-CLN.sav
1702473195.5824318;PPO;env;4;2.6287235064137895;[2.62650845 2.62751168 2.62872351 2.62773465];184;1000;0;10000.0;./weights/PPO-env-4-CLN.sav
1702473528.931367;PPO;env;4;2.6287367191817657;[2.62655857 2.6275646  2.62873672 2.62778806];185;1000;0;10000.0;./weights/PPO-env-4-CLN.sav
1702473852.6636233;PPO;env;4;2.628917042235508;[2.62659639 2.62758231 2.62891704 2.62773432];186;1000;0;10000.0;./weights/PPO-env-4-CLN.sav
1702474174.0613258;PPO;env;4;2.628828326957894;[2.62647656 2.62769008 2.62882833 2.62779984];187;1000;0;10000.0;./weights/PPO-env-4-CLN.sav
1702474517.0457082;PPO;env;4;2.6287428914379896;[2.62645919 2.6276316  2.62874289 2.62780306];188;1000;0;10000.0;./weights/PPO-env-4-CLN.sav
1702474863.101136;PPO;env;4;2.6286459145673393;[2.62654126 2.62752614 2.62864591 2.62776291];189;1000;0;10000.0;./weights/PPO-env-4-CLN.sav
1702475198.1713269;PPO;env;4;2.6287304973696224;[2.6264586  2.6275566  2.6287305  2.62781107];190;1000;0;10000.0;./weights/PPO-env-4-CLN.sav
1702475525.4275043;PPO;env;4;2.6287694550576566;[2.62638891 2.62759134 2.62876946 2.62792981];191;1000;0;10000.0;./weights/PPO-env-4-CLN.sav
1702475858.8450048;PPO;env;4;2.62881179656093;[2.62627455 2.62760899 2.6288118  2.62789279];192;1000;0;10000.0;./weights/PPO-env-4-CLN.sav
1702476201.572788;PPO;env;4;2.6288803788372435;[2.62626713 2.62769896 2.62888038 2.62791843];193;1000;0;10000.0;./weights/PPO-env-4-CLN.sav
1702476547.544722;PPO;env;4;2.6288862960078188;[2.62636982 2.62755006 2.6288863  2.62783064];194;1000;0;10000.0;./weights/PPO-env-4-CLN.sav
1702476881.7390182;PPO;env;4;2.6289105141622184;[2.62631315 2.62747007 2.62891051 2.6278081 ];195;1000;0;10000.0;./weights/PPO-env-4-CLN.sav
1702477215.7196627;PPO;env;4;2.6290020373881386;[2.62639998 2.6274772  2.62900204 2.62774563];196;1000;0;10000.0;./weights/PPO-env-4-CLN.sav
1702477560.2187061;PPO;env;4;2.6288557168463984;[2.62640629 2.6273536  2.62885572 2.62775682];197;1000;0;10000.0;./weights/PPO-env-4-CLN.sav
1702477905.3840578;PPO;env;4;2.628744453404934;[2.62641404 2.62739763 2.62874445 2.62782451];198;1000;0;10000.0;./weights/PPO-env-4-CLN.sav
1702478249.3390443;PPO;env;4;2.6286750925894786;[2.62638485 2.62732228 2.62867509 2.62779503];199;1000;0;10000.0;./weights/PPO-env-4-CLN.sav
1702478593.5797987;PPO;env;4;2.6287865951516;[2.62644976 2.62742728 2.6287866  2.62784097];200;1000;0;10000.0;./weights/PPO-env-4-CLN.sav
1702478940.1644087;PPO;env;4;2.6287747677813713;[2.62637762 2.62737149 2.62877477 2.62778641];201;1000;0;10000.0;./weights/PPO-env-4-CLN.sav
1702479284.5951536;PPO;env;4;2.628846861522239;[2.62650983 2.62727039 2.62884686 2.62788129];202;1000;0;10000.0;./weights/PPO-env-4-CLN.sav
1702479632.15857;PPO;env;4;2.628779056641511;[2.62650686 2.62731043 2.62877906 2.62783948];203;1000;0;10000.0;./weights/PPO-env-4-CLN.sav
1702479978.4240465;PPO;env;4;2.628891903981452;[2.62663114 2.62727604 2.6288919  2.62789956];204;1000;0;10000.0;./weights/PPO-env-4-CLN.sav
1702480325.0206604;PPO;env;4;2.6289313393530196;[2.62672564 2.62732082 2.62893134 2.62800845];205;1000;0;10000.0;./weights/PPO-env-4-CLN.sav
1702480672.703735;PPO;env;4;2.6289388153969506;[2.62662333 2.62737731 2.62893882 2.62794303];206;1000;0;10000.0;./weights/PPO-env-4-CLN.sav
1702481023.0789552;PPO;env;4;2.628935969210145;[2.62663625 2.62731286 2.62893597 2.62792109];207;1000;0;10000.0;./weights/PPO-env-4-CLN.sav
1702481375.6349957;PPO;env;4;2.628989967324149;[2.62642052 2.62734857 2.62898997 2.62793955];208;1000;0;10000.0;./weights/PPO-env-4-CLN.sav
1702481723.3713987;PPO;env;4;2.6289091580831565;[2.62642489 2.62733446 2.62890916 2.62789575];209;1000;0;10000.0;./weights/PPO-env-4-CLN.sav
1702482069.428048;PPO;env;4;2.6289281895374934;[2.62635489 2.6273181  2.62892819 2.62781914];210;1000;0;10000.0;./weights/PPO-env-4-CLN.sav
1702482418.0299592;PPO;env;4;2.6290415321394067;[2.62631699 2.62734766 2.62904153 2.62791066];211;1000;0;10000.0;./weights/PPO-env-4-CLN.sav
1702482768.0322533;PPO;env;4;2.6290756388289296;[2.62621637 2.62725638 2.62907564 2.62791895];212;1000;0;10000.0;./weights/PPO-env-4-CLN.sav
1702483118.7534828;PPO;env;4;2.629199503552932;[2.62630715 2.62735495 2.6291995  2.62780824];213;1000;0;10000.0;./weights/PPO-env-4-CLN.sav
1702483468.4145489;PPO;env;4;2.6292232320100055;[2.62642455 2.62746875 2.62922323 2.62763364];214;1000;0;10000.0;./weights/PPO-env-4-CLN.sav
1702483819.4628644;PPO;env;4;2.6291101757776185;[2.62646727 2.62741621 2.62911018 2.62765045];215;1000;0;10000.0;./weights/PPO-env-4-CLN.sav
1702484167.117905;PPO;env;4;2.6291683932505006;[2.62661552 2.62738951 2.62916839 2.62761814];216;1000;0;10000.0;./weights/PPO-env-4-CLN.sav
1702484518.8084853;PPO;env;4;2.629141394712634;[2.62653547 2.6272988  2.62914139 2.62765838];217;1000;0;10000.0;./weights/PPO-env-4-CLN.sav
1702484867.7102978;PPO;env;4;2.6291064969870677;[2.62655863 2.62728936 2.6291065  2.62760544];218;1000;0;10000.0;./weights/PPO-env-4-CLN.sav
1702485217.0461178;PPO;env;4;2.6291519435690938;[2.62647513 2.62722527 2.62915194 2.62758691];219;1000;0;10000.0;./weights/PPO-env-4-CLN.sav
1702485563.8110304;PPO;env;4;2.629143992048926;[2.62647639 2.62725834 2.62914399 2.6277435 ];220;1000;0;10000.0;./weights/PPO-env-4-CLN.sav
1702485916.2883494;PPO;env;4;2.62902164671212;[2.62648374 2.62719283 2.62902165 2.62776721];221;1000;0;10000.0;./weights/PPO-env-4-CLN.sav
1702486261.6318784;PPO;env;4;2.6290411717083315;[2.62627225 2.62726689 2.62904117 2.62765513];222;1000;0;10000.0;./weights/PPO-env-4-CLN.sav
1702486613.1348946;PPO;env;4;2.629083456888665;[2.62628004 2.62739569 2.62908346 2.62771323];223;1000;0;10000.0;./weights/PPO-env-4-CLN.sav
1702486965.674176;PPO;env;4;2.6292308120041357;[2.62636698 2.62728357 2.62923081 2.62774697];224;1000;0;10000.0;./weights/PPO-env-4-CLN.sav
1702487325.0455725;PPO;env;4;2.6291843247760234;[2.62633447 2.62726329 2.62918432 2.62778748];225;1000;0;10000.0;./weights/PPO-env-4-CLN.sav
1702487676.5829823;PPO;env;4;2.6291819164869015;[2.62626442 2.62729591 2.62918192 2.62786832];226;1000;0;10000.0;./weights/PPO-env-4-CLN.sav
1702488026.8873568;PPO;env;4;2.629235905803137;[2.62626338 2.62729482 2.62923591 2.62788854];227;1000;0;10000.0;./weights/PPO-env-4-CLN.sav
1702488374.4796183;PPO;env;4;2.629313230501445;[2.62621578 2.62731349 2.62931323 2.6280033 ];228;1000;0;10000.0;./weights/PPO-env-4-CLN.sav
1702488725.4867346;PPO;env;4;2.6292592267748724;[2.62621516 2.62736626 2.62925923 2.62798522];229;1000;0;10000.0;./weights/PPO-env-4-CLN.sav
1702489081.0567298;PPO;env;4;2.6291698978761415;[2.62629886 2.62745323 2.6291699  2.62796439];230;1000;0;10000.0;./weights/PPO-env-4-CLN.sav
1702489437.0656345;PPO;env;4;2.6291787049846755;[2.62639503 2.62744592 2.6291787  2.62801576];231;1000;0;10000.0;./weights/PPO-env-4-CLN.sav
1702489789.9440744;PPO;env;4;2.629131309492913;[2.62640274 2.6273962  2.62913131 2.62800306];232;1000;0;10000.0;./weights/PPO-env-4-CLN.sav
1702490142.8468091;PPO;env;4;2.629125771499722;[2.62644397 2.62742481 2.62912577 2.62791601];233;1000;0;10000.0;./weights/PPO-env-4-CLN.sav
1702490497.336979;PPO;env;4;2.629105486673889;[2.62647084 2.62744889 2.62910549 2.62795441];234;1000;0;10000.0;./weights/PPO-env-4-CLN.sav
1702490850.4547837;PPO;env;4;2.6291301822551754;[2.62644689 2.62739701 2.62913018 2.62796963];235;1000;0;10000.0;./weights/PPO-env-4-CLN.sav
1702491202.4339578;PPO;env;4;2.6290905260129382;[2.62650492 2.62741757 2.62909053 2.62801875];236;1000;0;10000.0;./weights/PPO-env-4-CLN.sav
1702491558.1969738;PPO;env;4;2.629009711944772;[2.62667688 2.62739574 2.62900971 2.62809106];237;1000;0;10000.0;./weights/PPO-env-4-CLN.sav
1702491911.218442;PPO;env;4;2.6289889691392827;[2.62664885 2.62738392 2.62898897 2.62816799];238;1000;0;10000.0;./weights/PPO-env-4-CLN.sav
1702492273.705034;PPO;env;4;2.6290575906469433;[2.62660537 2.62736492 2.62905759 2.62833648];239;1000;0;10000.0;./weights/PPO-env-4-CLN.sav
1702492632.8334324;PPO;env;4;2.629086392672112;[2.62651592 2.62751075 2.62908639 2.62826684];240;1000;0;10000.0;./weights/PPO-env-4-CLN.sav
1702492992.875219;PPO;env;4;2.629088970880009;[2.62653303 2.62743933 2.62908897 2.6282651 ];241;1000;0;10000.0;./weights/PPO-env-4-CLN.sav
1702493350.3586223;PPO;env;4;2.629026153768915;[2.62663793 2.62733365 2.62902615 2.6282923 ];242;1000;0;10000.0;./weights/PPO-env-4-CLN.sav
1702493710.8263073;PPO;env;4;2.6289031955400315;[2.62675432 2.62731916 2.6289032  2.62833414];243;1000;0;10000.0;./weights/PPO-env-4-CLN.sav
1702494067.9367492;PPO;env;4;2.628878046640044;[2.62674398 2.6273135  2.62887805 2.62835963];244;1000;0;10000.0;./weights/PPO-env-4-CLN.sav
1702494424.2002616;PPO;env;4;2.628856547488186;[2.62675176 2.62735056 2.62885655 2.62837034];245;1000;0;10000.0;./weights/PPO-env-4-CLN.sav
1702494783.700331;PPO;env;4;2.6288216910970164;[2.6267668  2.6274884  2.62882169 2.62831773];246;1000;0;10000.0;./weights/PPO-env-4-CLN.sav
1702495146.2814283;PPO;env;4;2.6287469498224603;[2.6266834  2.62738275 2.62874695 2.62836572];247;1000;0;10000.0;./weights/PPO-env-4-CLN.sav
1702495507.9317415;PPO;env;4;2.6287156927952187;[2.62659225 2.62736307 2.62871569 2.62844473];248;1000;0;10000.0;./weights/PPO-env-4-CLN.sav
1702495866.2277362;PPO;env;4;2.628655421648565;[2.62661355 2.6273288  2.62865542 2.62852255];249;1000;0;10000.0;./weights/PPO-env-4-CLN.sav
1702496229.5021667;PPO;env;4;2.628640197754809;[2.62665681 2.62736419 2.6286402  2.62846344];250;1000;0;10000.0;./weights/PPO-env-4-CLN.sav
1702496591.8016112;PPO;env;4;2.62856326227332;[2.62661771 2.62723291 2.62856326 2.62852988];251;1000;0;10000.0;./weights/PPO-env-4-CLN.sav
1702496953.6576407;PPO;env;4;2.628595298112532;[2.62661865 2.62717212 2.6285953  2.62853131];252;1000;0;10000.0;./weights/PPO-env-4-CLN.sav
1702497313.7969234;PPO;env;4;2.6284918691923576;[2.62659678 2.62721645 2.62849187 2.62845393];253;1000;0;10000.0;./weights/PPO-env-4-CLN.sav
1702497676.0460594;PPO;env;4;2.6284430347103136;[2.62663782 2.62714612 2.62833558 2.62844303];254;1000;0;10000.0;./weights/PPO-env-4-CLN.sav
1702498037.3590715;PPO;env;4;2.6284344297923288;[2.62660291 2.62710369 2.62839362 2.62843443];255;1000;0;10000.0;./weights/PPO-env-4-CLN.sav
