time;approach;version;n_envs;max_mean_reward;mean_reward;epoch;epochs;attempt;total_timesteps;filename
1702222530.6702003;PPO;env;4;-2.791447023572149;[-2.79144702 -2.84394229 -2.81442487 -2.8620455 ];1;100;0;10000.0;./weights/PPO-env-4-LND.sav
1702222803.8613095;PPO;env;4;-2.773528596566768;[-2.7735286  -2.82157828 -2.83255717 -2.83667948];2;100;0;10000.0;./weights/PPO-env-4-LND.sav
1702223075.818579;PPO;env;4;-2.800959984639928;[-2.80095998 -2.85079767 -2.82453925 -2.84475571];3;100;0;10000.0;./weights/PPO-env-4-LND.sav
1702223345.7387261;PPO;env;4;-2.8013720709032226;[-2.80137207 -2.84788041 -2.82301253 -2.84017543];4;100;0;10000.0;./weights/PPO-env-4-LND.sav
1702223615.5661955;PPO;env;4;-2.8134814314357035;[-2.81348143 -2.83984957 -2.85153279 -2.84932315];5;100;0;10000.0;./weights/PPO-env-4-LND.sav
1702223885.7531602;PPO;env;4;-2.808417616403066;[-2.80841762 -2.84375739 -2.84587547 -2.84525185];6;100;0;10000.0;./weights/PPO-env-4-LND.sav
1702224164.0822303;PPO;env;4;-2.811872573077467;[-2.81187257 -2.83049107 -2.83705479 -2.85766765];7;100;0;10000.0;./weights/PPO-env-4-LND.sav
1702224466.5835557;PPO;env;4;-2.8155845853887707;[-2.81558459 -2.82671334 -2.83559536 -2.85363189];8;100;0;10000.0;./weights/PPO-env-4-LND.sav
1702224752.9562852;PPO;env;4;-2.8127199572964496;[-2.81271996 -2.82870473 -2.84207429 -2.85133461];9;100;0;10000.0;./weights/PPO-env-4-LND.sav
1702225039.4424472;PPO;env;4;-2.810923993466875;[-2.81092399 -2.83413845 -2.8379058  -2.84369867];10;100;0;10000.0;./weights/PPO-env-4-LND.sav
1702225318.9291399;PPO;env;4;-2.8014017780933305;[-2.80140178 -2.83382306 -2.84216161 -2.84154745];11;100;0;10000.0;./weights/PPO-env-4-LND.sav
1702225607.3394578;PPO;env;4;-2.8001476760332182;[-2.80014768 -2.83185515 -2.83654639 -2.84581645];12;100;0;10000.0;./weights/PPO-env-4-LND.sav
1702225895.8527265;PPO;env;4;-2.799838321587912;[-2.79983832 -2.83419076 -2.83769787 -2.83929855];13;100;0;10000.0;./weights/PPO-env-4-LND.sav
1702226183.9012673;PPO;env;4;-2.8032251086075415;[-2.80322511 -2.83020197 -2.83674665 -2.83995617];14;100;0;10000.0;./weights/PPO-env-4-LND.sav
1702226473.5109975;PPO;env;4;-2.800706635631944;[-2.80070664 -2.83220924 -2.83408561 -2.8382188 ];15;100;0;10000.0;./weights/PPO-env-4-LND.sav
1702226756.6917312;PPO;env;4;-2.8072535811145753;[-2.80725358 -2.83134675 -2.83366292 -2.83905125];16;100;0;10000.0;./weights/PPO-env-4-LND.sav
1702227044.213321;PPO;env;4;-2.8118172424149317;[-2.81181724 -2.83038718 -2.83333671 -2.84063087];17;100;0;10000.0;./weights/PPO-env-4-LND.sav
1702227331.596669;PPO;env;4;-2.8129613995837093;[-2.8129614  -2.82968753 -2.83133642 -2.8387113 ];18;100;0;10000.0;./weights/PPO-env-4-LND.sav
1702227615.1083968;PPO;env;4;-2.8118165425626014;[-2.81181654 -2.82927436 -2.82957009 -2.84095892];19;100;0;10000.0;./weights/PPO-env-4-LND.sav
1702227903.3525386;PPO;env;4;-2.8135626698272374;[-2.81356267 -2.8334275  -2.82928648 -2.84443779];20;100;0;10000.0;./weights/PPO-env-4-LND.sav
1702228188.987069;PPO;env;4;-2.812545034654001;[-2.81254503 -2.83431856 -2.8300139  -2.84098616];21;100;0;10000.0;./weights/PPO-env-4-LND.sav
1702228478.2280018;PPO;env;4;-2.812081387516645;[-2.81208139 -2.83659297 -2.83245006 -2.84219731];22;100;0;10000.0;./weights/PPO-env-4-LND.sav
1702228768.1768768;PPO;env;4;-2.8132269289031955;[-2.81322693 -2.83499018 -2.82875256 -2.84410098];23;100;0;10000.0;./weights/PPO-env-4-LND.sav
1702229060.2663631;PPO;env;4;-2.813824711677856;[-2.81382471 -2.83433395 -2.82813194 -2.84543668];24;100;0;10000.0;./weights/PPO-env-4-LND.sav
1702229349.4161856;PPO;env;4;-2.8168331318279183;[-2.81683313 -2.83662849 -2.82811337 -2.84619528];25;100;0;10000.0;./weights/PPO-env-4-LND.sav
1702229640.4707067;PPO;env;4;-2.8191726520784472;[-2.81917265 -2.83592737 -2.83055295 -2.84617039];26;100;0;10000.0;./weights/PPO-env-4-LND.sav
1702229927.3932412;PPO;env;4;-2.8201440240714475;[-2.82014402 -2.83657362 -2.8308917  -2.84453109];27;100;0;10000.0;./weights/PPO-env-4-LND.sav
1702230215.7019444;PPO;env;4;-2.81916260823791;[-2.81916261 -2.83675749 -2.82805835 -2.84580396];28;100;0;10000.0;./weights/PPO-env-4-LND.sav
1702230503.5212395;PPO;env;4;-2.819679507846835;[-2.81967951 -2.83550558 -2.83028272 -2.84628511];29;100;0;10000.0;./weights/PPO-env-4-LND.sav
1702230791.555383;PPO;env;4;-2.820195823873784;[-2.82019582 -2.83370221 -2.82980383 -2.84471851];30;100;0;10000.0;./weights/PPO-env-4-LND.sav
1702231079.4366271;PPO;env;4;-2.8208088255539248;[-2.82080883 -2.83453381 -2.83088483 -2.84361742];31;100;0;10000.0;./weights/PPO-env-4-LND.sav
1702231360.3082569;PPO;env;4;-2.8173704650257902;[-2.81737047 -2.8355974  -2.82990227 -2.84328626];32;100;0;10000.0;./weights/PPO-env-4-LND.sav
1702231644.832296;PPO;env;4;-2.820572675043399;[-2.82057268 -2.83544121 -2.83015155 -2.84129449];33;100;0;10000.0;./weights/PPO-env-4-LND.sav
1702231927.068846;PPO;env;4;-2.8171843708170683;[-2.81718437 -2.83516725 -2.83007898 -2.84267123];34;100;0;10000.0;./weights/PPO-env-4-LND.sav
1702232213.3560433;PPO;env;4;-2.8180385432717596;[-2.81803854 -2.83691621 -2.83124003 -2.84202552];35;100;0;10000.0;./weights/PPO-env-4-LND.sav
1702232504.0331059;PPO;env;4;-2.816926000569902;[-2.816926   -2.83547803 -2.8326088  -2.84191395];36;100;0;10000.0;./weights/PPO-env-4-LND.sav
1702232788.7282207;PPO;env;4;-2.815721564071191;[-2.81572156 -2.83417693 -2.83266561 -2.84035816];37;100;0;10000.0;./weights/PPO-env-4-LND.sav
1702233077.5189416;PPO;env;4;-2.816773402932314;[-2.8167734  -2.83279472 -2.83431089 -2.84081404];38;100;0;10000.0;./weights/PPO-env-4-LND.sav
1702233364.1421494;PPO;env;4;-2.8182886766449817;[-2.81828868 -2.83352953 -2.83585167 -2.84216552];39;100;0;10000.0;./weights/PPO-env-4-LND.sav
1702233652.8578146;PPO;env;4;-2.8184281761383376;[-2.81842818 -2.83368586 -2.83467133 -2.8414354 ];40;100;0;10000.0;./weights/PPO-env-4-LND.sav
1702233942.918477;PPO;env;4;-2.8199672894018555;[-2.81996729 -2.83303318 -2.8335865  -2.83977999];41;100;0;10000.0;./weights/PPO-env-4-LND.sav
1702234236.7189248;PPO;env;4;-2.8208742851375934;[-2.82087429 -2.83322498 -2.83417468 -2.84080062];42;100;0;10000.0;./weights/PPO-env-4-LND.sav
1702234519.1789644;PPO;env;4;-2.821726528144699;[-2.82172653 -2.83426332 -2.83100013 -2.84127134];43;100;0;10000.0;./weights/PPO-env-4-LND.sav
1702234803.61021;PPO;env;4;-2.8212015813369447;[-2.82120158 -2.83433438 -2.83119797 -2.84051571];44;100;0;10000.0;./weights/PPO-env-4-LND.sav
1702235088.286582;PPO;env;4;-2.8205429300706624;[-2.82054293 -2.83466658 -2.83030255 -2.84079795];45;100;0;10000.0;./weights/PPO-env-4-LND.sav
1702235379.5259187;PPO;env;4;-2.8204510372704625;[-2.82045104 -2.83497754 -2.83134388 -2.84116982];46;100;0;10000.0;./weights/PPO-env-4-LND.sav
1702235668.864064;PPO;env;4;-2.820680473773112;[-2.82068047 -2.83532697 -2.83221529 -2.84030894];47;100;0;10000.0;./weights/PPO-env-4-LND.sav
1702235956.0544596;PPO;env;4;-2.821602885363468;[-2.82160289 -2.83600785 -2.83136062 -2.84027815];48;100;0;10000.0;./weights/PPO-env-4-LND.sav
1702236242.8141348;PPO;env;4;-2.8219854047348356;[-2.8219854  -2.83676466 -2.83090949 -2.83962782];49;100;0;10000.0;./weights/PPO-env-4-LND.sav
1702236526.757657;PPO;env;4;-2.8234766156757956;[-2.82347662 -2.83694659 -2.83067924 -2.83938024];50;100;0;10000.0;./weights/PPO-env-4-LND.sav
1702236810.9261103;PPO;env;4;-2.8239263430585537;[-2.82392634 -2.8363539  -2.83059576 -2.83994759];51;100;0;10000.0;./weights/PPO-env-4-LND.sav
1702237093.9048905;PPO;env;4;-2.823147188290176;[-2.82314719 -2.83551199 -2.8310156  -2.83944318];52;100;0;10000.0;./weights/PPO-env-4-LND.sav
1702237379.9723272;PPO;env;4;-2.823572117033122;[-2.82357212 -2.83527075 -2.83043891 -2.84060408];53;100;0;10000.0;./weights/PPO-env-4-LND.sav
1702237664.364886;PPO;env;4;-2.823072226191949;[-2.82307223 -2.83516632 -2.82930953 -2.84167842];54;100;0;10000.0;./weights/PPO-env-4-LND.sav
1702237949.4643266;PPO;env;4;-2.8225322912511848;[-2.82253229 -2.83432698 -2.8287568  -2.84093928];55;100;0;10000.0;./weights/PPO-env-4-LND.sav
1702238234.2859359;PPO;env;4;-2.822639333099809;[-2.82263933 -2.83391382 -2.82798778 -2.84106199];56;100;0;10000.0;./weights/PPO-env-4-LND.sav
1702238515.498963;PPO;env;4;-2.8214563567743753;[-2.82145636 -2.83449108 -2.8278765  -2.84046145];57;100;0;10000.0;./weights/PPO-env-4-LND.sav
1702238796.122607;PPO;env;4;-2.822528707602915;[-2.82252871 -2.8341649  -2.82859234 -2.84107997];58;100;0;10000.0;./weights/PPO-env-4-LND.sav
1702239080.8017945;PPO;env;4;-2.824103842028365;[-2.82410384 -2.83293783 -2.8299691  -2.84102215];59;100;0;10000.0;./weights/PPO-env-4-LND.sav
1702239366.858609;PPO;env;4;-2.8251753257721792;[-2.82517533 -2.83218515 -2.8298176  -2.84015322];60;100;0;10000.0;./weights/PPO-env-4-LND.sav
1702239653.2664146;PPO;env;4;-2.8250582942606175;[-2.82505829 -2.83203443 -2.82999158 -2.83810329];61;100;0;10000.0;./weights/PPO-env-4-LND.sav
1702239937.126986;PPO;env;4;-2.8248531782374413;[-2.82485318 -2.83328497 -2.83010857 -2.83820814];62;100;0;10000.0;./weights/PPO-env-4-LND.sav
1702240220.874965;PPO;env;4;-2.8262378747583514;[-2.82623787 -2.83256647 -2.83064512 -2.83785756];63;100;0;10000.0;./weights/PPO-env-4-LND.sav
1702240507.545813;PPO;env;4;-2.82646841901544;[-2.82646842 -2.83259652 -2.83099714 -2.83729891];64;100;0;10000.0;./weights/PPO-env-4-LND.sav
1702240791.3718212;PPO;env;4;-2.8282828621029243;[-2.82828286 -2.83299862 -2.83003624 -2.83847362];65;100;0;10000.0;./weights/PPO-env-4-LND.sav
1702241077.1181166;PPO;env;4;-2.8290879543786516;[-2.82925157 -2.83372487 -2.82908795 -2.83869498];66;100;0;10000.0;./weights/PPO-env-4-LND.sav
1702241364.7501519;PPO;env;4;-2.8285221936165286;[-2.82852219 -2.83352859 -2.82913905 -2.83864578];67;100;0;10000.0;./weights/PPO-env-4-LND.sav
1702241649.1321926;PPO;env;4;-2.8285916880818696;[-2.82899496 -2.83224183 -2.82859169 -2.8377076 ];68;100;0;10000.0;./weights/PPO-env-4-LND.sav
1702241935.299788;PPO;env;4;-2.8277556992162287;[-2.82791041 -2.83181958 -2.8277557  -2.83784963];69;100;0;10000.0;./weights/PPO-env-4-LND.sav
1702242220.3356946;PPO;env;4;-2.8281468419326186;[-2.82814684 -2.83185795 -2.82854276 -2.83661882];70;100;0;10000.0;./weights/PPO-env-4-LND.sav
1702242505.0113692;PPO;env;4;-2.8279612308252733;[-2.82796123 -2.83281479 -2.82925939 -2.83531289];71;100;0;10000.0;./weights/PPO-env-4-LND.sav
1702242792.2398443;PPO;env;4;-2.827747955283491;[-2.82774796 -2.83189788 -2.82887337 -2.83482801];72;100;0;10000.0;./weights/PPO-env-4-LND.sav
1702243077.74721;PPO;env;4;-2.828476765948287;[-2.82847677 -2.83195893 -2.82906014 -2.83430802];73;100;0;10000.0;./weights/PPO-env-4-LND.sav
1702243364.212341;PPO;env;4;-2.82833058543532;[-2.82833059 -2.83171196 -2.82952342 -2.83413417];74;100;0;10000.0;./weights/PPO-env-4-LND.sav
1702243653.5243294;PPO;env;4;-2.8289526132388705;[-2.82895261 -2.83186116 -2.82974258 -2.83305322];75;100;0;10000.0;./weights/PPO-env-4-LND.sav
1702243941.131207;PPO;env;4;-2.8292018012942584;[-2.8292018  -2.83152884 -2.83088252 -2.83332986];76;100;0;10000.0;./weights/PPO-env-4-LND.sav
1702244227.867196;PPO;env;4;-2.830096920536353;[-2.83009692 -2.83161534 -2.83062483 -2.83342679];77;100;0;10000.0;./weights/PPO-env-4-LND.sav
1702244517.4182308;PPO;env;4;-2.8297326904620994;[-2.82973269 -2.83160478 -2.83195941 -2.83347687];78;100;0;10000.0;./weights/PPO-env-4-LND.sav
1702244802.0529058;PPO;env;4;-2.829365335007777;[-2.82936534 -2.83059397 -2.83133713 -2.83302266];79;100;0;10000.0;./weights/PPO-env-4-LND.sav
1702245087.4258325;PPO;env;4;-2.829161006234996;[-2.82916101 -2.82999855 -2.83189965 -2.83327951];80;100;0;10000.0;./weights/PPO-env-4-LND.sav
1702245369.5728524;PPO;env;4;-2.8290087803181505;[-2.82900878 -2.83004878 -2.83188827 -2.83230775];81;100;0;10000.0;./weights/PPO-env-4-LND.sav
1702245657.3316917;PPO;env;4;-2.8287533103860483;[-2.82875331 -2.82989989 -2.83228432 -2.83265451];82;100;0;10000.0;./weights/PPO-env-4-LND.sav
1702245943.7792218;PPO;env;4;-2.8279858845457233;[-2.82798588 -2.83016681 -2.83180633 -2.83279048];83;100;0;10000.0;./weights/PPO-env-4-LND.sav
1702246232.511536;PPO;env;4;-2.8276689881798363;[-2.82766899 -2.8295717  -2.83268935 -2.83296511];84;100;0;10000.0;./weights/PPO-env-4-LND.sav
1702246523.0011973;PPO;env;4;-2.8269627577300676;[-2.82696276 -2.82914466 -2.83261149 -2.83220166];85;100;0;10000.0;./weights/PPO-env-4-LND.sav
1702246812.5460358;PPO;env;4;-2.8270221489341023;[-2.82702215 -2.82991937 -2.83281283 -2.8329701 ];86;100;0;10000.0;./weights/PPO-env-4-LND.sav
1702247098.1539226;PPO;env;4;-2.826815035292031;[-2.82681504 -2.83100488 -2.83134467 -2.83417996];87;100;0;10000.0;./weights/PPO-env-4-LND.sav
1702247389.6428318;PPO;env;4;-2.8268883155065674;[-2.82688832 -2.83085616 -2.83194354 -2.83354976];88;100;0;10000.0;./weights/PPO-env-4-LND.sav
1702247681.0801296;PPO;env;4;-2.8264184734375926;[-2.82641847 -2.83086011 -2.83265266 -2.83321945];89;100;0;10000.0;./weights/PPO-env-4-LND.sav
1702247981.3557196;PPO;env;4;-2.827876989176078;[-2.82787699 -2.83155    -2.83219083 -2.83261135];90;100;0;10000.0;./weights/PPO-env-4-LND.sav
1702248271.78535;PPO;env;4;-2.8284148856297033;[-2.82841489 -2.83151664 -2.83203749 -2.83264665];91;100;0;10000.0;./weights/PPO-env-4-LND.sav
1702248577.2165399;PPO;env;4;-2.828688242590439;[-2.82868824 -2.83088807 -2.83202402 -2.83348028];92;100;0;10000.0;./weights/PPO-env-4-LND.sav
1702248874.6299622;PPO;env;4;-2.8295983768094612;[-2.82959838 -2.83057949 -2.83195182 -2.83264585];93;100;0;10000.0;./weights/PPO-env-4-LND.sav
1702249171.624808;PPO;env;4;-2.82978024198215;[-2.83020703 -2.82978024 -2.8324244  -2.8334703 ];94;100;0;10000.0;./weights/PPO-env-4-LND.sav
1702249466.1857376;PPO;env;4;-2.8293005370325672;[-2.82943951 -2.82930054 -2.83206062 -2.83357061];95;100;0;10000.0;./weights/PPO-env-4-LND.sav
1702249758.780708;PPO;env;4;-2.829182277751936;[-2.82966789 -2.82918228 -2.83142785 -2.83374286];96;100;0;10000.0;./weights/PPO-env-4-LND.sav
1702250053.5409265;PPO;env;4;-2.82906368094291;[-2.82906368 -2.82960007 -2.83171808 -2.8334735 ];97;100;0;10000.0;./weights/PPO-env-4-LND.sav
1702250347.584063;PPO;env;4;-2.829999527128558;[-2.83003625 -2.82999953 -2.83155941 -2.83227307];98;100;0;10000.0;./weights/PPO-env-4-LND.sav
1702250646.5757632;PPO;env;4;-2.829784067752032;[-2.83035987 -2.82978407 -2.83179967 -2.83234584];99;100;0;10000.0;./weights/PPO-env-4-LND.sav
1702250945.428921;PPO;env;4;-2.830472094605509;[-2.83068029 -2.83047209 -2.83169125 -2.83185491];100;100;0;10000.0;./weights/PPO-env-4-LND.sav
